<?xml version="1.0" encoding="utf-8"?><testsuites name="pytest tests"><testsuite name="pytest" errors="1" failures="1" skipped="0" tests="1" time="9.972" timestamp="2025-08-15T19:32:13.450215+05:00" hostname="zeeshanaslampc"><testcase classname="tests.test_orderconfirmation" name="test_confirmation[chromium]" time="8.591"><failure message="AssertionError: Locator expected to be hidden&#10;Actual value: visible &#10;Call log:&#10;  - Expect &quot;to_be_hidden&quot; with timeout 5000ms&#10;  - waiting for locator(&quot;span.title&quot;)&#10;    9 × locator resolved to &lt;span class=&quot;title&quot; data-test=&quot;title&quot;&gt;Products&lt;/span&gt;&#10;      - unexpected value &quot;visible&quot;">logged_in = &lt;Page url='https://www.saucedemo.com/inventory.html'&gt;

    def test_confirmation(logged_in):
        prodpage=ProductPage(logged_in)
&gt;       expect(prodpage.verifyonpage()).to_be_hidden()
E       AssertionError: Locator expected to be hidden
E       Actual value: visible 
E       Call log:
E         - Expect "to_be_hidden" with timeout 5000ms
E         - waiting for locator("span.title")
E           9 × locator resolved to &lt;span class="title" data-test="title"&gt;Products&lt;/span&gt;
E             - unexpected value "visible"

tests\test_orderconfirmation.py:6: AssertionError</failure></testcase><testcase classname="tests.test_orderconfirmation" name="test_confirmation[chromium]" time="1.263"><error message="failed on teardown with &quot;AttributeError: module 'datetime' has no attribute 'now'&quot;">page = &lt;Page url='https://www.saucedemo.com/inventory.html'&gt;
request = &lt;SubRequest '_artifacts_on_failure' for &lt;Function test_confirmation[chromium]&gt;&gt;

    @pytest.fixture(autouse=True)
    
    def _artifacts_on_failure(page, request):
        yield
        if hasattr(request.node, "rep_call") and request.node.rep_call.failed:
&gt;           ts = datetime.now().strftime("%Y%m%d-%H%M%S")
                 ^^^^^^^^^^^^
E           AttributeError: module 'datetime' has no attribute 'now'

conftest.py:29: AttributeError</error></testcase></testsuite></testsuites>